# JRE version: OpenJDK Runtime Environment Temurin-21.0.10+7 (21.0.10+7) (build 21.0.10+7-LTS)
# Java VM: OpenJDK 64-Bit Server VM Temurin-21.0.10+7 (21.0.10+7-LTS, mixed mode, sharing, tiered, compressed oops, compressed class ptrs, parallel gc, windows-amd64)
GC Precious Log:
 CardTable entry size: 512
 CPUs: 12 total, 12 available
 Memory: 11995M
 Large Page Support: Disabled
 NUMA Support: Disabled
 Compressed Oops: Enabled (32-bit)
 Alignments: Space 512K, Generation 512K, Heap 2M
 Heap Min Capacity: 100M
 Heap Initial Capacity: 100M
 Heap Max Capacity: 2G
 Pre-touch: Disabled
 Parallel Workers: 10
Heap:
 PSYoungGen      total 2560K, used 1526K [0x00000000d5580000, 0x00000000d5980000, 0x0000000100000000)
  eden space 2048K, 55% used [0x00000000d5580000,0x00000000d569d878,0x00000000d5780000)
  from space 512K, 75% used [0x00000000d5900000,0x00000000d5960020,0x00000000d5980000)
  to   space 512K, 0% used [0x00000000d5880000,0x00000000d5880000,0x00000000d5900000)
 ParOldGen       total 412672K, used 412333K [0x0000000080000000, 0x0000000099300000, 0x00000000d5580000)
  object space 412672K, 99% used [0x0000000080000000,0x00000000992ab520,0x0000000099300000)
 Metaspace       used 68424K, committed 69760K, reserved 1114112K
  class space    used 7301K, committed 7872K, reserved 1048576K
GC Heap History (20 events):
Event: 64.786 GC heap before
{Heap before GC invocations=474 (full 3):
 PSYoungGen      total 2560K, used 2466K [0x00000000d5580000, 0x00000000d5980000, 0x0000000100000000)
  eden space 2048K, 100% used [0x00000000d5580000,0x00000000d5780000,0x00000000d5780000)
  from space 512K, 81% used [0x00000000d5900000,0x00000000d5968bb0,0x00000000d5980000)
  to   space 512K, 0% used [0x00000000d5880000,0x00000000d5880000,0x00000000d5900000)
 ParOldGen       total 409600K, used 409209K [0x0000000080000000, 0x0000000099000000, 0x00000000d5580000)
  object space 409600K, 99% used [0x0000000080000000,0x0000000098f9e4c0,0x0000000099000000)
 Metaspace       used 66957K, committed 68352K, reserved 1114112K
  class space    used 7175K, committed 7744K, reserved 1048576K
}
Event: 64.790 GC heap after
{Heap after GC invocations=474 (full 3):
 PSYoungGen      total 2560K, used 512K [0x00000000d5580000, 0x00000000d5a80000, 0x0000000100000000)
  eden space 2048K, 0% used [0x00000000d5580000,0x00000000d5580000,0x00000000d5780000)
  from space 512K, 100% used [0x00000000d5880000,0x00000000d5900000,0x00000000d5900000)
  to   space 1536K, 0% used [0x00000000d5900000,0x00000000d5900000,0x00000000d5a80000)
 ParOldGen       total 410112K, used 409865K [0x0000000080000000, 0x0000000099080000, 0x00000000d5580000)
  object space 410112K, 99% used [0x0000000080000000,0x00000000990424f0,0x0000000099080000)
 Metaspace       used 66957K, committed 68352K, reserved 1114112K
  class space    used 7175K, committed 7744K, reserved 1048576K
}
Event: 64.921 GC heap before
{Heap before GC invocations=475 (full 3):
 PSYoungGen      total 2560K, used 2560K [0x00000000d5580000, 0x00000000d5a80000, 0x0000000100000000)
  eden space 2048K, 100% used [0x00000000d5580000,0x00000000d5780000,0x00000000d5780000)
  from space 512K, 100% used [0x00000000d5880000,0x00000000d5900000,0x00000000d5900000)
  to   space 1536K, 0% used [0x00000000d5900000,0x00000000d5900000,0x00000000d5a80000)
 ParOldGen       total 410112K, used 409865K [0x0000000080000000, 0x0000000099080000, 0x00000000d5580000)
  object space 410112K, 99% used [0x0000000080000000,0x00000000990424f0,0x0000000099080000)
 Metaspace       used 67190K, committed 68608K, reserved 1114112K
  class space    used 7195K, committed 7808K, reserved 1048576K
}
Event: 64.925 GC heap after
{Heap after GC invocations=475 (full 3):
 PSYoungGen      total 2560K, used 416K [0x00000000d5580000, 0x00000000d5980000, 0x0000000100000000)
  eden space 2048K, 0% used [0x00000000d5580000,0x00000000d5580000,0x00000000d5780000)
  from space 512K, 81% used [0x00000000d5900000,0x00000000d5968000,0x00000000d5980000)
  to   space 1024K, 0% used [0x00000000d5780000,0x00000000d5780000,0x00000000d5880000)
 ParOldGen       total 410624K, used 410374K [0x0000000080000000, 0x0000000099100000, 0x00000000d5580000)
  object space 410624K, 99% used [0x0000000080000000,0x00000000990c1910,0x0000000099100000)
 Metaspace       used 67190K, committed 68608K, reserved 1114112K
  class space    used 7195K, committed 7808K, reserved 1048576K
}
Event: 65.051 GC heap before
{Heap before GC invocations=476 (full 3):
 PSYoungGen      total 2560K, used 2464K [0x00000000d5580000, 0x00000000d5980000, 0x0000000100000000)
  eden space 2048K, 100% used [0x00000000d5580000,0x00000000d5780000,0x00000000d5780000)
  from space 512K, 81% used [0x00000000d5900000,0x00000000d5968000,0x00000000d5980000)
  to   space 1024K, 0% used [0x00000000d5780000,0x00000000d5780000,0x00000000d5880000)
 ParOldGen       total 410624K, used 410374K [0x0000000080000000, 0x0000000099100000, 0x00000000d5580000)
  object space 410624K, 99% used [0x0000000080000000,0x00000000990c1910,0x0000000099100000)
 Metaspace       used 67534K, committed 68928K, reserved 1114112K
  class space    used 7216K, committed 7808K, reserved 1048576K
}
Event: 65.053 GC heap after
{Heap after GC invocations=476 (full 3):
 PSYoungGen      total 3072K, used 256K [0x00000000d5580000, 0x00000000d5980000, 0x0000000100000000)
  eden space 2048K, 0% used [0x00000000d5580000,0x00000000d5580000,0x00000000d5780000)
  from space 1024K, 25% used [0x00000000d5780000,0x00000000d57c0000,0x00000000d5880000)
  to   space 512K, 0% used [0x00000000d5900000,0x00000000d5900000,0x00000000d5980000)
 ParOldGen       total 410624K, used 410566K [0x0000000080000000, 0x0000000099100000, 0x00000000d5580000)
  object space 410624K, 99% used [0x0000000080000000,0x00000000990f1910,0x0000000099100000)
 Metaspace       used 67534K, committed 68928K, reserved 1114112K
  class space    used 7216K, committed 7808K, reserved 1048576K
}
Event: 65.134 GC heap before
{Heap before GC invocations=477 (full 3):
 PSYoungGen      total 3072K, used 2304K [0x00000000d5580000, 0x00000000d5980000, 0x0000000100000000)
  eden space 2048K, 100% used [0x00000000d5580000,0x00000000d5780000,0x00000000d5780000)
  from space 1024K, 25% used [0x00000000d5780000,0x00000000d57c0000,0x00000000d5880000)
  to   space 512K, 0% used [0x00000000d5900000,0x00000000d5900000,0x00000000d5980000)
 ParOldGen       total 410624K, used 410566K [0x0000000080000000, 0x0000000099100000, 0x00000000d5580000)
  object space 410624K, 99% used [0x0000000080000000,0x00000000990f1910,0x0000000099100000)
 Metaspace       used 67718K, committed 69056K, reserved 1114112K
  class space    used 7254K, committed 7808K, reserved 1048576K
}
Event: 65.136 GC heap after
{Heap after GC invocations=477 (full 3):
 PSYoungGen      total 2560K, used 370K [0x00000000d5580000, 0x00000000d5980000, 0x0000000100000000)
  eden space 2048K, 0% used [0x00000000d5580000,0x00000000d5580000,0x00000000d5780000)
  from space 512K, 72% used [0x00000000d5900000,0x00000000d595c8e0,0x00000000d5980000)
  to   space 512K, 0% used [0x00000000d5880000,0x00000000d5880000,0x00000000d5900000)
 ParOldGen       total 411136K, used 410686K [0x0000000080000000, 0x0000000099180000, 0x00000000d5580000)
  object space 411136K, 99% used [0x0000000080000000,0x000000009910f910,0x0000000099180000)
 Metaspace       used 67718K, committed 69056K, reserved 1114112K
  class space    used 7254K, committed 7808K, reserved 1048576K
}
Event: 65.158 GC heap before
{Heap before GC invocations=478 (full 3):
 PSYoungGen      total 2560K, used 2418K [0x00000000d5580000, 0x00000000d5980000, 0x0000000100000000)
  eden space 2048K, 100% used [0x00000000d5580000,0x00000000d5780000,0x00000000d5780000)
  from space 512K, 72% used [0x00000000d5900000,0x00000000d595c8e0,0x00000000d5980000)
  to   space 512K, 0% used [0x00000000d5880000,0x00000000d5880000,0x00000000d5900000)
 ParOldGen       total 411136K, used 410686K [0x0000000080000000, 0x0000000099180000, 0x00000000d5580000)
  object space 411136K, 99% used [0x0000000080000000,0x000000009910f910,0x0000000099180000)
 Metaspace       used 67735K, committed 69056K, reserved 1114112K
  class space    used 7255K, committed 7808K, reserved 1048576K
}
Event: 65.161 GC heap after
{Heap after GC invocations=478 (full 3):
 PSYoungGen      total 2560K, used 500K [0x00000000d5580000, 0x00000000d5a80000, 0x0000000100000000)
  eden space 2048K, 0% used [0x00000000d5580000,0x00000000d5580000,0x00000000d5780000)
  from space 512K, 97% used [0x00000000d5880000,0x00000000d58fd3e0,0x00000000d5900000)
  to   space 1536K, 0% used [0x00000000d5900000,0x00000000d5900000,0x00000000d5a80000)
 ParOldGen       total 411648K, used 411179K [0x0000000080000000, 0x0000000099200000, 0x00000000d5580000)
  object space 411648K, 99% used [0x0000000080000000,0x000000009918ac78,0x0000000099200000)
 Metaspace       used 67735K, committed 69056K, reserved 1114112K
  class space    used 7255K, committed 7808K, reserved 1048576K
}
Event: 65.192 GC heap before
{Heap before GC invocations=479 (full 3):
 PSYoungGen      total 2560K, used 2548K [0x00000000d5580000, 0x00000000d5a80000, 0x0000000100000000)
  eden space 2048K, 100% used [0x00000000d5580000,0x00000000d5780000,0x00000000d5780000)
  from space 512K, 97% used [0x00000000d5880000,0x00000000d58fd3e0,0x00000000d5900000)
  to   space 1536K, 0% used [0x00000000d5900000,0x00000000d5900000,0x00000000d5a80000)
 ParOldGen       total 411648K, used 411179K [0x0000000080000000, 0x0000000099200000, 0x00000000d5580000)
  object space 411648K, 99% used [0x0000000080000000,0x000000009918ac78,0x0000000099200000)
 Metaspace       used 67749K, committed 69056K, reserved 1114112K
  class space    used 7255K, committed 7808K, reserved 1048576K
}
Event: 65.195 GC heap after
{Heap after GC invocations=479 (full 3):
 PSYoungGen      total 3072K, used 796K [0x00000000d5580000, 0x00000000d5a00000, 0x0000000100000000)
  eden space 2048K, 0% used [0x00000000d5580000,0x00000000d5580000,0x00000000d5780000)
  from space 1024K, 77% used [0x00000000d5900000,0x00000000d59c71c8,0x00000000d5a00000)
  to   space 1024K, 0% used [0x00000000d5800000,0x00000000d5800000,0x00000000d5900000)
 ParOldGen       total 412160K, used 411689K [0x0000000080000000, 0x0000000099280000, 0x00000000d5580000)
  object space 412160K, 99% used [0x0000000080000000,0x000000009920a6f8,0x0000000099280000)
 Metaspace       used 67749K, committed 69056K, reserved 1114112K
  class space    used 7255K, committed 7808K, reserved 1048576K
}
Event: 65.283 GC heap before
{Heap before GC invocations=480 (full 3):
 PSYoungGen      total 3072K, used 2844K [0x00000000d5580000, 0x00000000d5a00000, 0x0000000100000000)
  eden space 2048K, 100% used [0x00000000d5580000,0x00000000d5780000,0x00000000d5780000)
  from space 1024K, 77% used [0x00000000d5900000,0x00000000d59c71c8,0x00000000d5a00000)
  to   space 1024K, 0% used [0x00000000d5800000,0x00000000d5800000,0x00000000d5900000)
 ParOldGen       total 412160K, used 411689K [0x0000000080000000, 0x0000000099280000, 0x00000000d5580000)
  object space 412160K, 99% used [0x0000000080000000,0x000000009920a6f8,0x0000000099280000)
 Metaspace       used 67909K, committed 69248K, reserved 1114112K
  class space    used 7263K, committed 7808K, reserved 1048576K
}
Event: 65.285 GC heap after
{Heap after GC invocations=480 (full 3):
 PSYoungGen      total 3072K, used 256K [0x00000000d5580000, 0x00000000d5980000, 0x0000000100000000)
  eden space 2048K, 0% used [0x00000000d5580000,0x00000000d5580000,0x00000000d5780000)
  from space 1024K, 25% used [0x00000000d5800000,0x00000000d5840000,0x00000000d5900000)
  to   space 512K, 0% used [0x00000000d5900000,0x00000000d5900000,0x00000000d5980000)
 ParOldGen       total 412160K, used 411801K [0x0000000080000000, 0x0000000099280000, 0x00000000d5580000)
  object space 412160K, 99% used [0x0000000080000000,0x00000000992265d8,0x0000000099280000)
 Metaspace       used 67909K, committed 69248K, reserved 1114112K
  class space    used 7263K, committed 7808K, reserved 1048576K
}
Event: 571.034 GC heap before
{Heap before GC invocations=481 (full 3):
 PSYoungGen      total 3072K, used 2304K [0x00000000d5580000, 0x00000000d5980000, 0x0000000100000000)
  eden space 2048K, 100% used [0x00000000d5580000,0x00000000d5780000,0x00000000d5780000)
  from space 1024K, 25% used [0x00000000d5800000,0x00000000d5840000,0x00000000d5900000)
  to   space 512K, 0% used [0x00000000d5900000,0x00000000d5900000,0x00000000d5980000)
 ParOldGen       total 412160K, used 411801K [0x0000000080000000, 0x0000000099280000, 0x00000000d5580000)
  object space 412160K, 99% used [0x0000000080000000,0x00000000992265d8,0x0000000099280000)
 Metaspace       used 67994K, committed 69376K, reserved 1114112K
  class space    used 7274K, committed 7872K, reserved 1048576K
}
Event: 571.040 GC heap after
{Heap after GC invocations=481 (full 3):
 PSYoungGen      total 2560K, used 295K [0x00000000d5580000, 0x00000000d5980000, 0x0000000100000000)
  eden space 2048K, 0% used [0x00000000d5580000,0x00000000d5580000,0x00000000d5780000)
  from space 512K, 57% used [0x00000000d5900000,0x00000000d5949e90,0x00000000d5980000)
  to   space 512K, 0% used [0x00000000d5880000,0x00000000d5880000,0x00000000d5900000)
 ParOldGen       total 412160K, used 411865K [0x0000000080000000, 0x0000000099280000, 0x00000000d5580000)
  object space 412160K, 99% used [0x0000000080000000,0x00000000992365d8,0x0000000099280000)
 Metaspace       used 67994K, committed 69376K, reserved 1114112K
  class space    used 7274K, committed 7872K, reserved 1048576K
}
Event: 579.128 GC heap before
{Heap before GC invocations=482 (full 3):
 PSYoungGen      total 2560K, used 2340K [0x00000000d5580000, 0x00000000d5980000, 0x0000000100000000)
  eden space 2048K, 99% used [0x00000000d5580000,0x00000000d577f520,0x00000000d5780000)
  from space 512K, 57% used [0x00000000d5900000,0x00000000d5949e90,0x00000000d5980000)
  to   space 512K, 0% used [0x00000000d5880000,0x00000000d5880000,0x00000000d5900000)
 ParOldGen       total 412160K, used 411865K [0x0000000080000000, 0x0000000099280000, 0x00000000d5580000)
  object space 412160K, 99% used [0x0000000080000000,0x00000000992365d8,0x0000000099280000)
 Metaspace       used 68156K, committed 69504K, reserved 1114112K
  class space    used 7284K, committed 7872K, reserved 1048576K
}
Event: 579.130 GC heap after
{Heap after GC invocations=482 (full 3):
 PSYoungGen      total 2560K, used 503K [0x00000000d5580000, 0x00000000d5980000, 0x0000000100000000)
  eden space 2048K, 0% used [0x00000000d5580000,0x00000000d5580000,0x00000000d5780000)
  from space 512K, 98% used [0x00000000d5880000,0x00000000d58fdd88,0x00000000d5900000)
  to   space 512K, 0% used [0x00000000d5900000,0x00000000d5900000,0x00000000d5980000)
 ParOldGen       total 412160K, used 412005K [0x0000000080000000, 0x0000000099280000, 0x00000000d5580000)
  object space 412160K, 99% used [0x0000000080000000,0x0000000099259798,0x0000000099280000)
 Metaspace       used 68156K, committed 69504K, reserved 1114112K
  class space    used 7284K, committed 7872K, reserved 1048576K
}
Event: 83364.070 GC heap before
{Heap before GC invocations=483 (full 3):
 PSYoungGen      total 2560K, used 2551K [0x00000000d5580000, 0x00000000d5980000, 0x0000000100000000)
  eden space 2048K, 100% used [0x00000000d5580000,0x00000000d5780000,0x00000000d5780000)
  from space 512K, 98% used [0x00000000d5880000,0x00000000d58fdd88,0x00000000d5900000)
  to   space 512K, 0% used [0x00000000d5900000,0x00000000d5900000,0x00000000d5980000)
 ParOldGen       total 412160K, used 412005K [0x0000000080000000, 0x0000000099280000, 0x00000000d5580000)
  object space 412160K, 99% used [0x0000000080000000,0x0000000099259798,0x0000000099280000)
 Metaspace       used 68396K, committed 69760K, reserved 1114112K
  class space    used 7301K, committed 7872K, reserved 1048576K
}
Event: 83364.538 GC heap after
{Heap after GC invocations=483 (full 3):
 PSYoungGen      total 2560K, used 384K [0x00000000d5580000, 0x00000000d5980000, 0x0000000100000000)
  eden space 2048K, 0% used [0x00000000d5580000,0x00000000d5580000,0x00000000d5780000)
  from space 512K, 75% used [0x00000000d5900000,0x00000000d5960020,0x00000000d5980000)
  to   space 512K, 0% used [0x00000000d5880000,0x00000000d5880000,0x00000000d5900000)
 ParOldGen       total 412672K, used 412333K [0x0000000080000000, 0x0000000099300000, 0x00000000d5580000)
  object space 412672K, 99% used [0x0000000080000000,0x00000000992ab520,0x0000000099300000)
 Metaspace       used 68396K, committed 69760K, reserved 1114112K
  class space    used 7301K, committed 7872K, reserved 1048576K
}

