# JRE version: OpenJDK Runtime Environment Temurin-21.0.9+10 (21.0.9+10) (build 21.0.9+10-LTS)
# Java VM: OpenJDK 64-Bit Server VM Temurin-21.0.9+10 (21.0.9+10-LTS, mixed mode, sharing, tiered, compressed oops, compressed class ptrs, parallel gc, windows-amd64)
GC Precious Log:
 CardTable entry size: 512
 CPUs: 12 total, 12 available
 Memory: 11995M
 Large Page Support: Disabled
 NUMA Support: Disabled
 Compressed Oops: Enabled (32-bit)
 Alignments: Space 512K, Generation 512K, Heap 2M
 Heap Min Capacity: 100M
 Heap Initial Capacity: 100M
 Heap Max Capacity: 2G
 Pre-touch: Disabled
 Parallel Workers: 10
Heap:
 PSYoungGen      total 4608K, used 1787K [0x00000000d5580000, 0x00000000d5c00000, 0x0000000100000000)
  eden space 4096K, 40% used [0x00000000d5580000,0x00000000d571ece8,0x00000000d5980000)
  from space 512K, 25% used [0x00000000d5b00000,0x00000000d5b20000,0x00000000d5b80000)
  to   space 512K, 0% used [0x00000000d5b80000,0x00000000d5b80000,0x00000000d5c00000)
 ParOldGen       total 463360K, used 330970K [0x0000000080000000, 0x000000009c480000, 0x00000000d5580000)
  object space 463360K, 71% used [0x0000000080000000,0x0000000094336a70,0x000000009c480000)
 Metaspace       used 85452K, committed 87360K, reserved 1179648K
  class space    used 9172K, committed 10048K, reserved 1048576K
GC Heap History (20 events):
Event: 59154.545 GC heap before
{Heap before GC invocations=620 (full 4):
 PSYoungGen      total 4608K, used 4128K [0x00000000d5580000, 0x00000000d5c00000, 0x0000000100000000)
  eden space 4096K, 100% used [0x00000000d5580000,0x00000000d5980000,0x00000000d5980000)
  from space 512K, 6% used [0x00000000d5b00000,0x00000000d5b08000,0x00000000d5b80000)
  to   space 512K, 0% used [0x00000000d5b80000,0x00000000d5b80000,0x00000000d5c00000)
 ParOldGen       total 463360K, used 330834K [0x0000000080000000, 0x000000009c480000, 0x00000000d5580000)
  object space 463360K, 71% used [0x0000000080000000,0x0000000094314a70,0x000000009c480000)
 Metaspace       used 85396K, committed 87232K, reserved 1179648K
  class space    used 9172K, committed 10048K, reserved 1048576K
}
Event: 59154.547 GC heap after
{Heap after GC invocations=620 (full 4):
 PSYoungGen      total 4608K, used 32K [0x00000000d5580000, 0x00000000d5c00000, 0x0000000100000000)
  eden space 4096K, 0% used [0x00000000d5580000,0x00000000d5580000,0x00000000d5980000)
  from space 512K, 6% used [0x00000000d5b80000,0x00000000d5b88000,0x00000000d5c00000)
  to   space 512K, 0% used [0x00000000d5b00000,0x00000000d5b00000,0x00000000d5b80000)
 ParOldGen       total 463360K, used 330834K [0x0000000080000000, 0x000000009c480000, 0x00000000d5580000)
  object space 463360K, 71% used [0x0000000080000000,0x0000000094314a70,0x000000009c480000)
 Metaspace       used 85396K, committed 87232K, reserved 1179648K
  class space    used 9172K, committed 10048K, reserved 1048576K
}
Event: 59154.909 GC heap before
{Heap before GC invocations=621 (full 4):
 PSYoungGen      total 4608K, used 4128K [0x00000000d5580000, 0x00000000d5c00000, 0x0000000100000000)
  eden space 4096K, 100% used [0x00000000d5580000,0x00000000d5980000,0x00000000d5980000)
  from space 512K, 6% used [0x00000000d5b80000,0x00000000d5b88000,0x00000000d5c00000)
  to   space 512K, 0% used [0x00000000d5b00000,0x00000000d5b00000,0x00000000d5b80000)
 ParOldGen       total 463360K, used 330834K [0x0000000080000000, 0x000000009c480000, 0x00000000d5580000)
  object space 463360K, 71% used [0x0000000080000000,0x0000000094314a70,0x000000009c480000)
 Metaspace       used 85396K, committed 87232K, reserved 1179648K
  class space    used 9172K, committed 10048K, reserved 1048576K
}
Event: 59154.910 GC heap after
{Heap after GC invocations=621 (full 4):
 PSYoungGen      total 4608K, used 32K [0x00000000d5580000, 0x00000000d5c00000, 0x0000000100000000)
  eden space 4096K, 0% used [0x00000000d5580000,0x00000000d5580000,0x00000000d5980000)
  from space 512K, 6% used [0x00000000d5b00000,0x00000000d5b08000,0x00000000d5b80000)
  to   space 512K, 0% used [0x00000000d5b80000,0x00000000d5b80000,0x00000000d5c00000)
 ParOldGen       total 463360K, used 330834K [0x0000000080000000, 0x000000009c480000, 0x00000000d5580000)
  object space 463360K, 71% used [0x0000000080000000,0x0000000094314a70,0x000000009c480000)
 Metaspace       used 85396K, committed 87232K, reserved 1179648K
  class space    used 9172K, committed 10048K, reserved 1048576K
}
Event: 67054.537 GC heap before
{Heap before GC invocations=622 (full 4):
 PSYoungGen      total 4608K, used 4128K [0x00000000d5580000, 0x00000000d5c00000, 0x0000000100000000)
  eden space 4096K, 100% used [0x00000000d5580000,0x00000000d5980000,0x00000000d5980000)
  from space 512K, 6% used [0x00000000d5b00000,0x00000000d5b08000,0x00000000d5b80000)
  to   space 512K, 0% used [0x00000000d5b80000,0x00000000d5b80000,0x00000000d5c00000)
 ParOldGen       total 463360K, used 330834K [0x0000000080000000, 0x000000009c480000, 0x00000000d5580000)
  object space 463360K, 71% used [0x0000000080000000,0x0000000094314a70,0x000000009c480000)
 Metaspace       used 85412K, committed 87296K, reserved 1179648K
  class space    used 9172K, committed 10048K, reserved 1048576K
}
Event: 67055.282 GC heap after
{Heap after GC invocations=622 (full 4):
 PSYoungGen      total 4608K, used 192K [0x00000000d5580000, 0x00000000d5c00000, 0x0000000100000000)
  eden space 4096K, 0% used [0x00000000d5580000,0x00000000d5580000,0x00000000d5980000)
  from space 512K, 37% used [0x00000000d5b80000,0x00000000d5bb0000,0x00000000d5c00000)
  to   space 512K, 0% used [0x00000000d5b00000,0x00000000d5b00000,0x00000000d5b80000)
 ParOldGen       total 463360K, used 330834K [0x0000000080000000, 0x000000009c480000, 0x00000000d5580000)
  object space 463360K, 71% used [0x0000000080000000,0x0000000094314a70,0x000000009c480000)
 Metaspace       used 85412K, committed 87296K, reserved 1179648K
  class space    used 9172K, committed 10048K, reserved 1048576K
}
Event: 72562.572 GC heap before
{Heap before GC invocations=623 (full 4):
 PSYoungGen      total 4608K, used 4288K [0x00000000d5580000, 0x00000000d5c00000, 0x0000000100000000)
  eden space 4096K, 100% used [0x00000000d5580000,0x00000000d5980000,0x00000000d5980000)
  from space 512K, 37% used [0x00000000d5b80000,0x00000000d5bb0000,0x00000000d5c00000)
  to   space 512K, 0% used [0x00000000d5b00000,0x00000000d5b00000,0x00000000d5b80000)
 ParOldGen       total 463360K, used 330834K [0x0000000080000000, 0x000000009c480000, 0x00000000d5580000)
  object space 463360K, 71% used [0x0000000080000000,0x0000000094314a70,0x000000009c480000)
 Metaspace       used 85417K, committed 87296K, reserved 1179648K
  class space    used 9172K, committed 10048K, reserved 1048576K
}
Event: 72562.705 GC heap after
{Heap after GC invocations=623 (full 4):
 PSYoungGen      total 4608K, used 224K [0x00000000d5580000, 0x00000000d5c00000, 0x0000000100000000)
  eden space 4096K, 0% used [0x00000000d5580000,0x00000000d5580000,0x00000000d5980000)
  from space 512K, 43% used [0x00000000d5b00000,0x00000000d5b38000,0x00000000d5b80000)
  to   space 512K, 0% used [0x00000000d5b80000,0x00000000d5b80000,0x00000000d5c00000)
 ParOldGen       total 463360K, used 330858K [0x0000000080000000, 0x000000009c480000, 0x00000000d5580000)
  object space 463360K, 71% used [0x0000000080000000,0x000000009431aa70,0x000000009c480000)
 Metaspace       used 85417K, committed 87296K, reserved 1179648K
  class space    used 9172K, committed 10048K, reserved 1048576K
}
Event: 81416.423 GC heap before
{Heap before GC invocations=624 (full 4):
 PSYoungGen      total 4608K, used 4320K [0x00000000d5580000, 0x00000000d5c00000, 0x0000000100000000)
  eden space 4096K, 100% used [0x00000000d5580000,0x00000000d5980000,0x00000000d5980000)
  from space 512K, 43% used [0x00000000d5b00000,0x00000000d5b38000,0x00000000d5b80000)
  to   space 512K, 0% used [0x00000000d5b80000,0x00000000d5b80000,0x00000000d5c00000)
 ParOldGen       total 463360K, used 330858K [0x0000000080000000, 0x000000009c480000, 0x00000000d5580000)
  object space 463360K, 71% used [0x0000000080000000,0x000000009431aa70,0x000000009c480000)
 Metaspace       used 85446K, committed 87360K, reserved 1179648K
  class space    used 9172K, committed 10048K, reserved 1048576K
}
Event: 81416.551 GC heap after
{Heap after GC invocations=624 (full 4):
 PSYoungGen      total 4608K, used 192K [0x00000000d5580000, 0x00000000d5c00000, 0x0000000100000000)
  eden space 4096K, 0% used [0x00000000d5580000,0x00000000d5580000,0x00000000d5980000)
  from space 512K, 37% used [0x00000000d5b80000,0x00000000d5bb0000,0x00000000d5c00000)
  to   space 512K, 0% used [0x00000000d5b00000,0x00000000d5b00000,0x00000000d5b80000)
 ParOldGen       total 463360K, used 330866K [0x0000000080000000, 0x000000009c480000, 0x00000000d5580000)
  object space 463360K, 71% used [0x0000000080000000,0x000000009431ca70,0x000000009c480000)
 Metaspace       used 85446K, committed 87360K, reserved 1179648K
  class space    used 9172K, committed 10048K, reserved 1048576K
}
Event: 90400.577 GC heap before
{Heap before GC invocations=625 (full 4):
 PSYoungGen      total 4608K, used 4288K [0x00000000d5580000, 0x00000000d5c00000, 0x0000000100000000)
  eden space 4096K, 100% used [0x00000000d5580000,0x00000000d5980000,0x00000000d5980000)
  from space 512K, 37% used [0x00000000d5b80000,0x00000000d5bb0000,0x00000000d5c00000)
  to   space 512K, 0% used [0x00000000d5b00000,0x00000000d5b00000,0x00000000d5b80000)
 ParOldGen       total 463360K, used 330866K [0x0000000080000000, 0x000000009c480000, 0x00000000d5580000)
  object space 463360K, 71% used [0x0000000080000000,0x000000009431ca70,0x000000009c480000)
 Metaspace       used 85448K, committed 87360K, reserved 1179648K
  class space    used 9172K, committed 10048K, reserved 1048576K
}
Event: 90400.688 GC heap after
{Heap after GC invocations=625 (full 4):
 PSYoungGen      total 4608K, used 192K [0x00000000d5580000, 0x00000000d5c00000, 0x0000000100000000)
  eden space 4096K, 0% used [0x00000000d5580000,0x00000000d5580000,0x00000000d5980000)
  from space 512K, 37% used [0x00000000d5b00000,0x00000000d5b30000,0x00000000d5b80000)
  to   space 512K, 0% used [0x00000000d5b80000,0x00000000d5b80000,0x00000000d5c00000)
 ParOldGen       total 463360K, used 330882K [0x0000000080000000, 0x000000009c480000, 0x00000000d5580000)
  object space 463360K, 71% used [0x0000000080000000,0x0000000094320a70,0x000000009c480000)
 Metaspace       used 85448K, committed 87360K, reserved 1179648K
  class space    used 9172K, committed 10048K, reserved 1048576K
}
Event: 99298.684 GC heap before
{Heap before GC invocations=626 (full 4):
 PSYoungGen      total 4608K, used 4288K [0x00000000d5580000, 0x00000000d5c00000, 0x0000000100000000)
  eden space 4096K, 100% used [0x00000000d5580000,0x00000000d5980000,0x00000000d5980000)
  from space 512K, 37% used [0x00000000d5b00000,0x00000000d5b30000,0x00000000d5b80000)
  to   space 512K, 0% used [0x00000000d5b80000,0x00000000d5b80000,0x00000000d5c00000)
 ParOldGen       total 463360K, used 330882K [0x0000000080000000, 0x000000009c480000, 0x00000000d5580000)
  object space 463360K, 71% used [0x0000000080000000,0x0000000094320a70,0x000000009c480000)
 Metaspace       used 85450K, committed 87360K, reserved 1179648K
  class space    used 9172K, committed 10048K, reserved 1048576K
}
Event: 99298.786 GC heap after
{Heap after GC invocations=626 (full 4):
 PSYoungGen      total 4608K, used 160K [0x00000000d5580000, 0x00000000d5c00000, 0x0000000100000000)
  eden space 4096K, 0% used [0x00000000d5580000,0x00000000d5580000,0x00000000d5980000)
  from space 512K, 31% used [0x00000000d5b80000,0x00000000d5ba8000,0x00000000d5c00000)
  to   space 512K, 0% used [0x00000000d5b00000,0x00000000d5b00000,0x00000000d5b80000)
 ParOldGen       total 463360K, used 330882K [0x0000000080000000, 0x000000009c480000, 0x00000000d5580000)
  object space 463360K, 71% used [0x0000000080000000,0x0000000094320a70,0x000000009c480000)
 Metaspace       used 85450K, committed 87360K, reserved 1179648K
  class space    used 9172K, committed 10048K, reserved 1048576K
}
Event: 116582.838 GC heap before
{Heap before GC invocations=627 (full 4):
 PSYoungGen      total 4608K, used 4256K [0x00000000d5580000, 0x00000000d5c00000, 0x0000000100000000)
  eden space 4096K, 100% used [0x00000000d5580000,0x00000000d5980000,0x00000000d5980000)
  from space 512K, 31% used [0x00000000d5b80000,0x00000000d5ba8000,0x00000000d5c00000)
  to   space 512K, 0% used [0x00000000d5b00000,0x00000000d5b00000,0x00000000d5b80000)
 ParOldGen       total 463360K, used 330882K [0x0000000080000000, 0x000000009c480000, 0x00000000d5580000)
  object space 463360K, 71% used [0x0000000080000000,0x0000000094320a70,0x000000009c480000)
 Metaspace       used 85452K, committed 87360K, reserved 1179648K
  class space    used 9172K, committed 10048K, reserved 1048576K
}
Event: 116584.325 GC heap after
{Heap after GC invocations=627 (full 4):
 PSYoungGen      total 4608K, used 224K [0x00000000d5580000, 0x00000000d5c00000, 0x0000000100000000)
  eden space 4096K, 0% used [0x00000000d5580000,0x00000000d5580000,0x00000000d5980000)
  from space 512K, 43% used [0x00000000d5b00000,0x00000000d5b38000,0x00000000d5b80000)
  to   space 512K, 0% used [0x00000000d5b80000,0x00000000d5b80000,0x00000000d5c00000)
 ParOldGen       total 463360K, used 330890K [0x0000000080000000, 0x000000009c480000, 0x00000000d5580000)
  object space 463360K, 71% used [0x0000000080000000,0x0000000094322a70,0x000000009c480000)
 Metaspace       used 85452K, committed 87360K, reserved 1179648K
  class space    used 9172K, committed 10048K, reserved 1048576K
}
Event: 122222.883 GC heap before
{Heap before GC invocations=628 (full 4):
 PSYoungGen      total 4608K, used 4320K [0x00000000d5580000, 0x00000000d5c00000, 0x0000000100000000)
  eden space 4096K, 100% used [0x00000000d5580000,0x00000000d5980000,0x00000000d5980000)
  from space 512K, 43% used [0x00000000d5b00000,0x00000000d5b38000,0x00000000d5b80000)
  to   space 512K, 0% used [0x00000000d5b80000,0x00000000d5b80000,0x00000000d5c00000)
 ParOldGen       total 463360K, used 330890K [0x0000000080000000, 0x000000009c480000, 0x00000000d5580000)
  object space 463360K, 71% used [0x0000000080000000,0x0000000094322a70,0x000000009c480000)
 Metaspace       used 85452K, committed 87360K, reserved 1179648K
  class space    used 9172K, committed 10048K, reserved 1048576K
}
Event: 122222.887 GC heap after
{Heap after GC invocations=628 (full 4):
 PSYoungGen      total 4608K, used 192K [0x00000000d5580000, 0x00000000d5c00000, 0x0000000100000000)
  eden space 4096K, 0% used [0x00000000d5580000,0x00000000d5580000,0x00000000d5980000)
  from space 512K, 37% used [0x00000000d5b80000,0x00000000d5bb0000,0x00000000d5c00000)
  to   space 512K, 0% used [0x00000000d5b00000,0x00000000d5b00000,0x00000000d5b80000)
 ParOldGen       total 463360K, used 330970K [0x0000000080000000, 0x000000009c480000, 0x00000000d5580000)
  object space 463360K, 71% used [0x0000000080000000,0x0000000094336a70,0x000000009c480000)
 Metaspace       used 85452K, committed 87360K, reserved 1179648K
  class space    used 9172K, committed 10048K, reserved 1048576K
}
Event: 128517.575 GC heap before
{Heap before GC invocations=629 (full 4):
 PSYoungGen      total 4608K, used 4288K [0x00000000d5580000, 0x00000000d5c00000, 0x0000000100000000)
  eden space 4096K, 100% used [0x00000000d5580000,0x00000000d5980000,0x00000000d5980000)
  from space 512K, 37% used [0x00000000d5b80000,0x00000000d5bb0000,0x00000000d5c00000)
  to   space 512K, 0% used [0x00000000d5b00000,0x00000000d5b00000,0x00000000d5b80000)
 ParOldGen       total 463360K, used 330970K [0x0000000080000000, 0x000000009c480000, 0x00000000d5580000)
  object space 463360K, 71% used [0x0000000080000000,0x0000000094336a70,0x000000009c480000)
 Metaspace       used 85452K, committed 87360K, reserved 1179648K
  class space    used 9172K, committed 10048K, reserved 1048576K
}
Event: 128517.707 GC heap after
{Heap after GC invocations=629 (full 4):
 PSYoungGen      total 4608K, used 128K [0x00000000d5580000, 0x00000000d5c00000, 0x0000000100000000)
  eden space 4096K, 0% used [0x00000000d5580000,0x00000000d5580000,0x00000000d5980000)
  from space 512K, 25% used [0x00000000d5b00000,0x00000000d5b20000,0x00000000d5b80000)
  to   space 512K, 0% used [0x00000000d5b80000,0x00000000d5b80000,0x00000000d5c00000)
 ParOldGen       total 463360K, used 330970K [0x0000000080000000, 0x000000009c480000, 0x00000000d5580000)
  object space 463360K, 71% used [0x0000000080000000,0x0000000094336a70,0x000000009c480000)
 Metaspace       used 85452K, committed 87360K, reserved 1179648K
  class space    used 9172K, committed 10048K, reserved 1048576K
}

